<?xml version="1.0" encoding="UTF-8"?>
<testsuite xmlns:xsi="http://www.w3.org/2001/XMLSchema-instance" xsi:noNamespaceSchemaLocation="https://maven.apache.org/surefire/maven-surefire-plugin/xsd/surefire-test-report.xsd" name="com.example.ExamServer.DemoApplicationTests" time="11.05" tests="1" errors="0" skipped="0" failures="0">
  <properties>
    <property name="sun.desktop" value="windows"/>
    <property name="awt.toolkit" value="sun.awt.windows.WToolkit"/>
    <property name="file.encoding.pkg" value="sun.io"/>
    <property name="java.specification.version" value="1.8"/>
    <property name="sun.cpu.isalist" value="amd64"/>
    <property name="sun.jnu.encoding" value="GBK"/>
    <property name="java.class.path" value="E:\3_workspace\2_git\ExamServer\target\test-classes;E:\3_workspace\2_git\ExamServer\target\classes;D:\MavenRepository\org\springframework\boot\spring-boot-starter-jdbc\2.1.7.RELEASE\spring-boot-starter-jdbc-2.1.7.RELEASE.jar;D:\MavenRepository\org\springframework\boot\spring-boot-starter\2.1.7.RELEASE\spring-boot-starter-2.1.7.RELEASE.jar;D:\MavenRepository\org\springframework\boot\spring-boot-starter-logging\2.1.7.RELEASE\spring-boot-starter-logging-2.1.7.RELEASE.jar;D:\MavenRepository\ch\qos\logback\logback-classic\1.2.3\logback-classic-1.2.3.jar;D:\MavenRepository\ch\qos\logback\logback-core\1.2.3\logback-core-1.2.3.jar;D:\MavenRepository\org\apache\logging\log4j\log4j-to-slf4j\2.11.2\log4j-to-slf4j-2.11.2.jar;D:\MavenRepository\org\apache\logging\log4j\log4j-api\2.11.2\log4j-api-2.11.2.jar;D:\MavenRepository\org\slf4j\jul-to-slf4j\1.7.26\jul-to-slf4j-1.7.26.jar;D:\MavenRepository\org\yaml\snakeyaml\1.23\snakeyaml-1.23.jar;D:\MavenRepository\com\zaxxer\HikariCP\3.2.0\HikariCP-3.2.0.jar;D:\MavenRepository\org\springframework\spring-jdbc\5.1.9.RELEASE\spring-jdbc-5.1.9.RELEASE.jar;D:\MavenRepository\org\springframework\spring-beans\5.1.9.RELEASE\spring-beans-5.1.9.RELEASE.jar;D:\MavenRepository\org\springframework\spring-tx\5.1.9.RELEASE\spring-tx-5.1.9.RELEASE.jar;D:\MavenRepository\org\springframework\boot\spring-boot-starter-web\2.1.7.RELEASE\spring-boot-starter-web-2.1.7.RELEASE.jar;D:\MavenRepository\org\springframework\boot\spring-boot-starter-json\2.1.7.RELEASE\spring-boot-starter-json-2.1.7.RELEASE.jar;D:\MavenRepository\com\fasterxml\jackson\core\jackson-databind\2.9.9\jackson-databind-2.9.9.jar;D:\MavenRepository\com\fasterxml\jackson\core\jackson-core\2.9.9\jackson-core-2.9.9.jar;D:\MavenRepository\com\fasterxml\jackson\datatype\jackson-datatype-jdk8\2.9.9\jackson-datatype-jdk8-2.9.9.jar;D:\MavenRepository\com\fasterxml\jackson\datatype\jackson-datatype-jsr310\2.9.9\jackson-datatype-jsr310-2.9.9.jar;D:\MavenRepository\com\fasterxml\jackson\module\jackson-module-parameter-names\2.9.9\jackson-module-parameter-names-2.9.9.jar;D:\MavenRepository\org\hibernate\validator\hibernate-validator\6.0.17.Final\hibernate-validator-6.0.17.Final.jar;D:\MavenRepository\javax\validation\validation-api\2.0.1.Final\validation-api-2.0.1.Final.jar;D:\MavenRepository\org\jboss\logging\jboss-logging\3.3.2.Final\jboss-logging-3.3.2.Final.jar;D:\MavenRepository\org\springframework\spring-web\5.1.9.RELEASE\spring-web-5.1.9.RELEASE.jar;D:\MavenRepository\org\springframework\spring-webmvc\5.1.9.RELEASE\spring-webmvc-5.1.9.RELEASE.jar;D:\MavenRepository\org\springframework\spring-aop\5.1.9.RELEASE\spring-aop-5.1.9.RELEASE.jar;D:\MavenRepository\org\springframework\spring-context\5.1.9.RELEASE\spring-context-5.1.9.RELEASE.jar;D:\MavenRepository\org\springframework\spring-expression\5.1.9.RELEASE\spring-expression-5.1.9.RELEASE.jar;D:\MavenRepository\org\mybatis\spring\boot\mybatis-spring-boot-starter\2.1.0\mybatis-spring-boot-starter-2.1.0.jar;D:\MavenRepository\org\mybatis\spring\boot\mybatis-spring-boot-autoconfigure\2.1.0\mybatis-spring-boot-autoconfigure-2.1.0.jar;D:\MavenRepository\org\mybatis\mybatis\3.5.2\mybatis-3.5.2.jar;D:\MavenRepository\org\mybatis\mybatis-spring\2.0.2\mybatis-spring-2.0.2.jar;D:\MavenRepository\org\springframework\boot\spring-boot-devtools\2.1.7.RELEASE\spring-boot-devtools-2.1.7.RELEASE.jar;D:\MavenRepository\org\springframework\boot\spring-boot\2.1.7.RELEASE\spring-boot-2.1.7.RELEASE.jar;D:\MavenRepository\org\springframework\boot\spring-boot-autoconfigure\2.1.7.RELEASE\spring-boot-autoconfigure-2.1.7.RELEASE.jar;D:\MavenRepository\mysql\mysql-connector-java\8.0.17\mysql-connector-java-8.0.17.jar;D:\MavenRepository\org\springframework\boot\spring-boot-configuration-processor\2.1.7.RELEASE\spring-boot-configuration-processor-2.1.7.RELEASE.jar;D:\MavenRepository\org\projectlombok\lombok\1.18.8\lombok-1.18.8.jar;D:\MavenRepository\org\springframework\boot\spring-boot-starter-test\2.1.7.RELEASE\spring-boot-starter-test-2.1.7.RELEASE.jar;D:\MavenRepository\org\springframework\boot\spring-boot-test\2.1.7.RELEASE\spring-boot-test-2.1.7.RELEASE.jar;D:\MavenRepository\org\springframework\boot\spring-boot-test-autoconfigure\2.1.7.RELEASE\spring-boot-test-autoconfigure-2.1.7.RELEASE.jar;D:\MavenRepository\com\jayway\jsonpath\json-path\2.4.0\json-path-2.4.0.jar;D:\MavenRepository\net\minidev\json-smart\2.3\json-smart-2.3.jar;D:\MavenRepository\net\minidev\accessors-smart\1.2\accessors-smart-1.2.jar;D:\MavenRepository\org\ow2\asm\asm\5.0.4\asm-5.0.4.jar;D:\MavenRepository\junit\junit\4.12\junit-4.12.jar;D:\MavenRepository\org\assertj\assertj-core\3.11.1\assertj-core-3.11.1.jar;D:\MavenRepository\org\mockito\mockito-core\2.23.4\mockito-core-2.23.4.jar;D:\MavenRepository\net\bytebuddy\byte-buddy\1.9.16\byte-buddy-1.9.16.jar;D:\MavenRepository\net\bytebuddy\byte-buddy-agent\1.9.16\byte-buddy-agent-1.9.16.jar;D:\MavenRepository\org\objenesis\objenesis\2.6\objenesis-2.6.jar;D:\MavenRepository\org\hamcrest\hamcrest-core\1.3\hamcrest-core-1.3.jar;D:\MavenRepository\org\hamcrest\hamcrest-library\1.3\hamcrest-library-1.3.jar;D:\MavenRepository\org\skyscreamer\jsonassert\1.5.0\jsonassert-1.5.0.jar;D:\MavenRepository\com\vaadin\external\google\android-json\0.0.20131108.vaadin1\android-json-0.0.20131108.vaadin1.jar;D:\MavenRepository\org\springframework\spring-core\5.1.9.RELEASE\spring-core-5.1.9.RELEASE.jar;D:\MavenRepository\org\springframework\spring-jcl\5.1.9.RELEASE\spring-jcl-5.1.9.RELEASE.jar;D:\MavenRepository\org\springframework\spring-test\5.1.9.RELEASE\spring-test-5.1.9.RELEASE.jar;D:\MavenRepository\org\xmlunit\xmlunit-core\2.6.3\xmlunit-core-2.6.3.jar;D:\MavenRepository\net\sourceforge\jexcelapi\jxl\2.6.12\jxl-2.6.12.jar;D:\MavenRepository\log4j\log4j\1.2.14\log4j-1.2.14.jar;D:\MavenRepository\org\springframework\boot\spring-boot-starter-tomcat\2.1.7.RELEASE\spring-boot-starter-tomcat-2.1.7.RELEASE.jar;D:\MavenRepository\javax\annotation\javax.annotation-api\1.3.2\javax.annotation-api-1.3.2.jar;D:\MavenRepository\org\apache\tomcat\embed\tomcat-embed-core\9.0.22\tomcat-embed-core-9.0.22.jar;D:\MavenRepository\org\apache\tomcat\embed\tomcat-embed-el\9.0.22\tomcat-embed-el-9.0.22.jar;D:\MavenRepository\org\apache\tomcat\embed\tomcat-embed-websocket\9.0.22\tomcat-embed-websocket-9.0.22.jar;D:\MavenRepository\org\apache\tomcat\embed\tomcat-embed-jasper\9.0.22\tomcat-embed-jasper-9.0.22.jar;D:\MavenRepository\org\eclipse\jdt\ecj\3.18.0\ecj-3.18.0.jar;D:\MavenRepository\org\apache\poi\poi\3.9\poi-3.9.jar;D:\MavenRepository\commons-codec\commons-codec\1.11\commons-codec-1.11.jar;D:\MavenRepository\org\apache\poi\poi-examples\3.9\poi-examples-3.9.jar;D:\MavenRepository\commons-fileupload\commons-fileupload\1.3.1\commons-fileupload-1.3.1.jar;D:\MavenRepository\commons-io\commons-io\2.2\commons-io-2.2.jar;D:\MavenRepository\org\apache\poi\poi-ooxml-schemas\3.9\poi-ooxml-schemas-3.9.jar;D:\MavenRepository\org\apache\xmlbeans\xmlbeans\2.3.0\xmlbeans-2.3.0.jar;D:\MavenRepository\stax\stax-api\1.0.1\stax-api-1.0.1.jar;D:\MavenRepository\javax\xml\stream\stax-api\1.0-2\stax-api-1.0-2.jar;D:\MavenRepository\org\apache\poi\poi-scratchpad\3.9\poi-scratchpad-3.9.jar;D:\MavenRepository\org\apache\poi\poi-ooxml\3.9\poi-ooxml-3.9.jar;D:\MavenRepository\dom4j\dom4j\1.6.1\dom4j-1.6.1.jar;D:\MavenRepository\xml-apis\xml-apis\1.4.01\xml-apis-1.4.01.jar;D:\MavenRepository\io\springfox\springfox-swagger2\2.4.0\springfox-swagger2-2.4.0.jar;D:\MavenRepository\io\swagger\swagger-annotations\1.5.6\swagger-annotations-1.5.6.jar;D:\MavenRepository\io\swagger\swagger-models\1.5.6\swagger-models-1.5.6.jar;D:\MavenRepository\com\fasterxml\jackson\core\jackson-annotations\2.9.0\jackson-annotations-2.9.0.jar;D:\MavenRepository\io\springfox\springfox-spi\2.4.0\springfox-spi-2.4.0.jar;D:\MavenRepository\io\springfox\springfox-core\2.4.0\springfox-core-2.4.0.jar;D:\MavenRepository\io\springfox\springfox-schema\2.4.0\springfox-schema-2.4.0.jar;D:\MavenRepository\io\springfox\springfox-swagger-common\2.4.0\springfox-swagger-common-2.4.0.jar;D:\MavenRepository\io\springfox\springfox-spring-web\2.4.0\springfox-spring-web-2.4.0.jar;D:\MavenRepository\com\google\guava\guava\18.0\guava-18.0.jar;D:\MavenRepository\com\fasterxml\classmate\1.4.0\classmate-1.4.0.jar;D:\MavenRepository\org\slf4j\slf4j-api\1.7.26\slf4j-api-1.7.26.jar;D:\MavenRepository\org\springframework\plugin\spring-plugin-core\1.2.0.RELEASE\spring-plugin-core-1.2.0.RELEASE.jar;D:\MavenRepository\org\springframework\plugin\spring-plugin-metadata\1.2.0.RELEASE\spring-plugin-metadata-1.2.0.RELEASE.jar;D:\MavenRepository\io\springfox\springfox-swagger-ui\2.4.0\springfox-swagger-ui-2.4.0.jar;D:\MavenRepository\joda-time\joda-time\2.9.9\joda-time-2.9.9.jar;"/>
    <property name="java.vm.vendor" value="Oracle Corporation"/>
    <property name="sun.arch.data.model" value="64"/>
    <property name="user.variant" value=""/>
    <property name="java.vendor.url" value="http://java.oracle.com/"/>
    <property name="user.timezone" value="Asia/Shanghai"/>
    <property name="java.vm.specification.version" value="1.8"/>
    <property name="os.name" value="Windows 10"/>
    <property name="user.country" value="CN"/>
    <property name="sun.java.launcher" value="SUN_STANDARD"/>
    <property name="sun.boot.library.path" value="C:\Program Files\Java\jdk1.8.0_144\jre\bin"/>
    <property name="sun.java.command" value="C:\Users\lenovo\AppData\Local\Temp\surefire672111880733410366\surefirebooter6012511454398880573.jar C:\Users\lenovo\AppData\Local\Temp\surefire672111880733410366 2019-09-12T17-34-55_791-jvmRun1 surefire3131142394488345797tmp surefire_07112417188575173229tmp"/>
    <property name="surefire.test.class.path" value="E:\3_workspace\2_git\ExamServer\target\test-classes;E:\3_workspace\2_git\ExamServer\target\classes;D:\MavenRepository\org\springframework\boot\spring-boot-starter-jdbc\2.1.7.RELEASE\spring-boot-starter-jdbc-2.1.7.RELEASE.jar;D:\MavenRepository\org\springframework\boot\spring-boot-starter\2.1.7.RELEASE\spring-boot-starter-2.1.7.RELEASE.jar;D:\MavenRepository\org\springframework\boot\spring-boot-starter-logging\2.1.7.RELEASE\spring-boot-starter-logging-2.1.7.RELEASE.jar;D:\MavenRepository\ch\qos\logback\logback-classic\1.2.3\logback-classic-1.2.3.jar;D:\MavenRepository\ch\qos\logback\logback-core\1.2.3\logback-core-1.2.3.jar;D:\MavenRepository\org\apache\logging\log4j\log4j-to-slf4j\2.11.2\log4j-to-slf4j-2.11.2.jar;D:\MavenRepository\org\apache\logging\log4j\log4j-api\2.11.2\log4j-api-2.11.2.jar;D:\MavenRepository\org\slf4j\jul-to-slf4j\1.7.26\jul-to-slf4j-1.7.26.jar;D:\MavenRepository\org\yaml\snakeyaml\1.23\snakeyaml-1.23.jar;D:\MavenRepository\com\zaxxer\HikariCP\3.2.0\HikariCP-3.2.0.jar;D:\MavenRepository\org\springframework\spring-jdbc\5.1.9.RELEASE\spring-jdbc-5.1.9.RELEASE.jar;D:\MavenRepository\org\springframework\spring-beans\5.1.9.RELEASE\spring-beans-5.1.9.RELEASE.jar;D:\MavenRepository\org\springframework\spring-tx\5.1.9.RELEASE\spring-tx-5.1.9.RELEASE.jar;D:\MavenRepository\org\springframework\boot\spring-boot-starter-web\2.1.7.RELEASE\spring-boot-starter-web-2.1.7.RELEASE.jar;D:\MavenRepository\org\springframework\boot\spring-boot-starter-json\2.1.7.RELEASE\spring-boot-starter-json-2.1.7.RELEASE.jar;D:\MavenRepository\com\fasterxml\jackson\core\jackson-databind\2.9.9\jackson-databind-2.9.9.jar;D:\MavenRepository\com\fasterxml\jackson\core\jackson-core\2.9.9\jackson-core-2.9.9.jar;D:\MavenRepository\com\fasterxml\jackson\datatype\jackson-datatype-jdk8\2.9.9\jackson-datatype-jdk8-2.9.9.jar;D:\MavenRepository\com\fasterxml\jackson\datatype\jackson-datatype-jsr310\2.9.9\jackson-datatype-jsr310-2.9.9.jar;D:\MavenRepository\com\fasterxml\jackson\module\jackson-module-parameter-names\2.9.9\jackson-module-parameter-names-2.9.9.jar;D:\MavenRepository\org\hibernate\validator\hibernate-validator\6.0.17.Final\hibernate-validator-6.0.17.Final.jar;D:\MavenRepository\javax\validation\validation-api\2.0.1.Final\validation-api-2.0.1.Final.jar;D:\MavenRepository\org\jboss\logging\jboss-logging\3.3.2.Final\jboss-logging-3.3.2.Final.jar;D:\MavenRepository\org\springframework\spring-web\5.1.9.RELEASE\spring-web-5.1.9.RELEASE.jar;D:\MavenRepository\org\springframework\spring-webmvc\5.1.9.RELEASE\spring-webmvc-5.1.9.RELEASE.jar;D:\MavenRepository\org\springframework\spring-aop\5.1.9.RELEASE\spring-aop-5.1.9.RELEASE.jar;D:\MavenRepository\org\springframework\spring-context\5.1.9.RELEASE\spring-context-5.1.9.RELEASE.jar;D:\MavenRepository\org\springframework\spring-expression\5.1.9.RELEASE\spring-expression-5.1.9.RELEASE.jar;D:\MavenRepository\org\mybatis\spring\boot\mybatis-spring-boot-starter\2.1.0\mybatis-spring-boot-starter-2.1.0.jar;D:\MavenRepository\org\mybatis\spring\boot\mybatis-spring-boot-autoconfigure\2.1.0\mybatis-spring-boot-autoconfigure-2.1.0.jar;D:\MavenRepository\org\mybatis\mybatis\3.5.2\mybatis-3.5.2.jar;D:\MavenRepository\org\mybatis\mybatis-spring\2.0.2\mybatis-spring-2.0.2.jar;D:\MavenRepository\org\springframework\boot\spring-boot-devtools\2.1.7.RELEASE\spring-boot-devtools-2.1.7.RELEASE.jar;D:\MavenRepository\org\springframework\boot\spring-boot\2.1.7.RELEASE\spring-boot-2.1.7.RELEASE.jar;D:\MavenRepository\org\springframework\boot\spring-boot-autoconfigure\2.1.7.RELEASE\spring-boot-autoconfigure-2.1.7.RELEASE.jar;D:\MavenRepository\mysql\mysql-connector-java\8.0.17\mysql-connector-java-8.0.17.jar;D:\MavenRepository\org\springframework\boot\spring-boot-configuration-processor\2.1.7.RELEASE\spring-boot-configuration-processor-2.1.7.RELEASE.jar;D:\MavenRepository\org\projectlombok\lombok\1.18.8\lombok-1.18.8.jar;D:\MavenRepository\org\springframework\boot\spring-boot-starter-test\2.1.7.RELEASE\spring-boot-starter-test-2.1.7.RELEASE.jar;D:\MavenRepository\org\springframework\boot\spring-boot-test\2.1.7.RELEASE\spring-boot-test-2.1.7.RELEASE.jar;D:\MavenRepository\org\springframework\boot\spring-boot-test-autoconfigure\2.1.7.RELEASE\spring-boot-test-autoconfigure-2.1.7.RELEASE.jar;D:\MavenRepository\com\jayway\jsonpath\json-path\2.4.0\json-path-2.4.0.jar;D:\MavenRepository\net\minidev\json-smart\2.3\json-smart-2.3.jar;D:\MavenRepository\net\minidev\accessors-smart\1.2\accessors-smart-1.2.jar;D:\MavenRepository\org\ow2\asm\asm\5.0.4\asm-5.0.4.jar;D:\MavenRepository\junit\junit\4.12\junit-4.12.jar;D:\MavenRepository\org\assertj\assertj-core\3.11.1\assertj-core-3.11.1.jar;D:\MavenRepository\org\mockito\mockito-core\2.23.4\mockito-core-2.23.4.jar;D:\MavenRepository\net\bytebuddy\byte-buddy\1.9.16\byte-buddy-1.9.16.jar;D:\MavenRepository\net\bytebuddy\byte-buddy-agent\1.9.16\byte-buddy-agent-1.9.16.jar;D:\MavenRepository\org\objenesis\objenesis\2.6\objenesis-2.6.jar;D:\MavenRepository\org\hamcrest\hamcrest-core\1.3\hamcrest-core-1.3.jar;D:\MavenRepository\org\hamcrest\hamcrest-library\1.3\hamcrest-library-1.3.jar;D:\MavenRepository\org\skyscreamer\jsonassert\1.5.0\jsonassert-1.5.0.jar;D:\MavenRepository\com\vaadin\external\google\android-json\0.0.20131108.vaadin1\android-json-0.0.20131108.vaadin1.jar;D:\MavenRepository\org\springframework\spring-core\5.1.9.RELEASE\spring-core-5.1.9.RELEASE.jar;D:\MavenRepository\org\springframework\spring-jcl\5.1.9.RELEASE\spring-jcl-5.1.9.RELEASE.jar;D:\MavenRepository\org\springframework\spring-test\5.1.9.RELEASE\spring-test-5.1.9.RELEASE.jar;D:\MavenRepository\org\xmlunit\xmlunit-core\2.6.3\xmlunit-core-2.6.3.jar;D:\MavenRepository\net\sourceforge\jexcelapi\jxl\2.6.12\jxl-2.6.12.jar;D:\MavenRepository\log4j\log4j\1.2.14\log4j-1.2.14.jar;D:\MavenRepository\org\springframework\boot\spring-boot-starter-tomcat\2.1.7.RELEASE\spring-boot-starter-tomcat-2.1.7.RELEASE.jar;D:\MavenRepository\javax\annotation\javax.annotation-api\1.3.2\javax.annotation-api-1.3.2.jar;D:\MavenRepository\org\apache\tomcat\embed\tomcat-embed-core\9.0.22\tomcat-embed-core-9.0.22.jar;D:\MavenRepository\org\apache\tomcat\embed\tomcat-embed-el\9.0.22\tomcat-embed-el-9.0.22.jar;D:\MavenRepository\org\apache\tomcat\embed\tomcat-embed-websocket\9.0.22\tomcat-embed-websocket-9.0.22.jar;D:\MavenRepository\org\apache\tomcat\embed\tomcat-embed-jasper\9.0.22\tomcat-embed-jasper-9.0.22.jar;D:\MavenRepository\org\eclipse\jdt\ecj\3.18.0\ecj-3.18.0.jar;D:\MavenRepository\org\apache\poi\poi\3.9\poi-3.9.jar;D:\MavenRepository\commons-codec\commons-codec\1.11\commons-codec-1.11.jar;D:\MavenRepository\org\apache\poi\poi-examples\3.9\poi-examples-3.9.jar;D:\MavenRepository\commons-fileupload\commons-fileupload\1.3.1\commons-fileupload-1.3.1.jar;D:\MavenRepository\commons-io\commons-io\2.2\commons-io-2.2.jar;D:\MavenRepository\org\apache\poi\poi-ooxml-schemas\3.9\poi-ooxml-schemas-3.9.jar;D:\MavenRepository\org\apache\xmlbeans\xmlbeans\2.3.0\xmlbeans-2.3.0.jar;D:\MavenRepository\stax\stax-api\1.0.1\stax-api-1.0.1.jar;D:\MavenRepository\javax\xml\stream\stax-api\1.0-2\stax-api-1.0-2.jar;D:\MavenRepository\org\apache\poi\poi-scratchpad\3.9\poi-scratchpad-3.9.jar;D:\MavenRepository\org\apache\poi\poi-ooxml\3.9\poi-ooxml-3.9.jar;D:\MavenRepository\dom4j\dom4j\1.6.1\dom4j-1.6.1.jar;D:\MavenRepository\xml-apis\xml-apis\1.4.01\xml-apis-1.4.01.jar;D:\MavenRepository\io\springfox\springfox-swagger2\2.4.0\springfox-swagger2-2.4.0.jar;D:\MavenRepository\io\swagger\swagger-annotations\1.5.6\swagger-annotations-1.5.6.jar;D:\MavenRepository\io\swagger\swagger-models\1.5.6\swagger-models-1.5.6.jar;D:\MavenRepository\com\fasterxml\jackson\core\jackson-annotations\2.9.0\jackson-annotations-2.9.0.jar;D:\MavenRepository\io\springfox\springfox-spi\2.4.0\springfox-spi-2.4.0.jar;D:\MavenRepository\io\springfox\springfox-core\2.4.0\springfox-core-2.4.0.jar;D:\MavenRepository\io\springfox\springfox-schema\2.4.0\springfox-schema-2.4.0.jar;D:\MavenRepository\io\springfox\springfox-swagger-common\2.4.0\springfox-swagger-common-2.4.0.jar;D:\MavenRepository\io\springfox\springfox-spring-web\2.4.0\springfox-spring-web-2.4.0.jar;D:\MavenRepository\com\google\guava\guava\18.0\guava-18.0.jar;D:\MavenRepository\com\fasterxml\classmate\1.4.0\classmate-1.4.0.jar;D:\MavenRepository\org\slf4j\slf4j-api\1.7.26\slf4j-api-1.7.26.jar;D:\MavenRepository\org\springframework\plugin\spring-plugin-core\1.2.0.RELEASE\spring-plugin-core-1.2.0.RELEASE.jar;D:\MavenRepository\org\springframework\plugin\spring-plugin-metadata\1.2.0.RELEASE\spring-plugin-metadata-1.2.0.RELEASE.jar;D:\MavenRepository\io\springfox\springfox-swagger-ui\2.4.0\springfox-swagger-ui-2.4.0.jar;D:\MavenRepository\joda-time\joda-time\2.9.9\joda-time-2.9.9.jar;"/>
    <property name="sun.cpu.endian" value="little"/>
    <property name="user.home" value="C:\Users\lenovo"/>
    <property name="user.language" value="zh"/>
    <property name="java.specification.vendor" value="Oracle Corporation"/>
    <property name="java.home" value="C:\Program Files\Java\jdk1.8.0_144\jre"/>
    <property name="basedir" value="E:\3_workspace\2_git\ExamServer"/>
    <property name="file.separator" value="\"/>
    <property name="line.separator" value="&#10;"/>
    <property name="java.vm.specification.vendor" value="Oracle Corporation"/>
    <property name="java.specification.name" value="Java Platform API Specification"/>
    <property name="java.awt.graphicsenv" value="sun.awt.Win32GraphicsEnvironment"/>
    <property name="surefire.real.class.path" value="C:\Users\lenovo\AppData\Local\Temp\surefire672111880733410366\surefirebooter6012511454398880573.jar"/>
    <property name="sun.boot.class.path" value="C:\Program Files\Java\jdk1.8.0_144\jre\lib\resources.jar;C:\Program Files\Java\jdk1.8.0_144\jre\lib\rt.jar;C:\Program Files\Java\jdk1.8.0_144\jre\lib\sunrsasign.jar;C:\Program Files\Java\jdk1.8.0_144\jre\lib\jsse.jar;C:\Program Files\Java\jdk1.8.0_144\jre\lib\jce.jar;C:\Program Files\Java\jdk1.8.0_144\jre\lib\charsets.jar;C:\Program Files\Java\jdk1.8.0_144\jre\lib\jfr.jar;C:\Program Files\Java\jdk1.8.0_144\jre\classes"/>
    <property name="user.script" value=""/>
    <property name="sun.management.compiler" value="HotSpot 64-Bit Tiered Compilers"/>
    <property name="java.runtime.version" value="1.8.0_144-b01"/>
    <property name="user.name" value="lenovo"/>
    <property name="path.separator" value=";"/>
    <property name="os.version" value="10.0"/>
    <property name="java.endorsed.dirs" value="C:\Program Files\Java\jdk1.8.0_144\jre\lib\endorsed"/>
    <property name="java.runtime.name" value="Java(TM) SE Runtime Environment"/>
    <property name="file.encoding" value="GBK"/>
    <property name="java.vm.name" value="Java HotSpot(TM) 64-Bit Server VM"/>
    <property name="localRepository" value="D:\MavenRepository"/>
    <property name="java.vendor.url.bug" value="http://bugreport.sun.com/bugreport/"/>
    <property name="java.io.tmpdir" value="C:\Users\lenovo\AppData\Local\Temp\"/>
    <property name="idea.version" value="2017.1.5"/>
    <property name="java.version" value="1.8.0_144"/>
    <property name="user.dir" value="E:\3_workspace\2_git\ExamServer"/>
    <property name="os.arch" value="amd64"/>
    <property name="java.vm.specification.name" value="Java Virtual Machine Specification"/>
    <property name="java.awt.printerjob" value="sun.awt.windows.WPrinterJob"/>
    <property name="sun.os.patch.level" value=""/>
    <property name="java.library.path" value="C:\Program Files\Java\jdk1.8.0_144\jre\bin;C:\WINDOWS\Sun\Java\bin;C:\WINDOWS\system32;C:\WINDOWS;C:\oracle\ora90\bin;C:\Program Files (x86)\Intel\iCLS Client\;C:\ProgramData\Oracle\Java\javapath;C:\Program Files\Intel\iCLS Client\;C:\WINDOWS\system32;C:\WINDOWS;C:\WINDOWS\System32\Wbem;C:\WINDOWS\System32\WindowsPowerShell\v1.0\;C:\Program Files\Java\jdk1.8.0_144\bin;C:\Program Files\Java\jre1.8.0_144\bin;D:\Program Files\git\Git\cmd;C:\Program Files\MySQL\MySQL Utilities 1.6\;C:\Program Files (x86)\Windows Kits\8.1\Windows Performance Toolkit\;C:\Program Files\Microsoft SQL Server\110\Tools\Binn\;C:\Program Files (x86)\Microsoft SDKs\TypeScript\1.0\;C:\Program Files\Microsoft SQL Server\120\Tools\Binn\;D:\Program Files (x86)\apache-maven-3.5.0\bin;D:\Program Files\TortoiseSVN\bin;D:\Program Files (x86)\scala\bin;C:\Program Files\Microsoft\Web Platform Installer\;C:\Program Files (x86)\Microsoft ASP.NET\ASP.NET Web Pages\v1.0\;C:\WINDOWS\System32\OpenSSH\;C:\Program Files\Intel\WiFi\bin\;C:\Program Files\Common Files\Intel\WirelessCommon\;C:\Program Files (x86)\Intel\Intel(R) Management Engine Components\DAL;C:\Program Files\Intel\Intel(R) Management Engine Components\DAL;C:\Program Files (x86)\Intel\Intel(R) Management Engine Components\IPT;C:\Program Files\Intel\Intel(R) Management Engine Components\IPT;D:\Program Files\nodejs\;D:\Program Files\erl10.4\bin;D:\Program Files\RabbitMQ Server\rabbitmq_server-3.7.17\sbin;C:\Users\lenovo\AppData\Local\Microsoft\WindowsApps;C:\Users\lenovo\AppData\Local\atom\bin;C:\Users\lenovo\AppData\Local\Microsoft\WindowsApps;D:\Program Files\nodejs\node_global;;."/>
    <property name="java.vm.info" value="mixed mode"/>
    <property name="java.vendor" value="Oracle Corporation"/>
    <property name="java.vm.version" value="25.144-b01"/>
    <property name="java.ext.dirs" value="C:\Program Files\Java\jdk1.8.0_144\jre\lib\ext;C:\WINDOWS\Sun\Java\lib\ext"/>
    <property name="sun.io.unicode.encoding" value="UnicodeLittle"/>
    <property name="maven.repo.local" value="D:\MavenRepository"/>
    <property name="java.class.version" value="52.0"/>
  </properties>
  <testcase name="contextLoads" classname="com.example.ExamServer.DemoApplicationTests" time="1.725"/>
</testsuite>